#
# A fatal error has been detected by the Java Runtime Environment:
#
#  EXCEPTION_ACCESS_VIOLATION (0xc0000005) at pc=0x0000000062e3c0ae, pid=1508, tid=0x000000000000170c
#
# JRE version: Java(TM) SE Runtime Environment (8.0_102-b14) (build 1.8.0_102-b14)
# Java VM: Java HotSpot(TM) 64-Bit Server VM (25.102-b14 mixed mode windows-amd64 compressed oops)
# Problematic frame:
# C  [msvcr100.dll+0x3c0ae]
#
# Failed to write core dump. Minidumps are not enabled by default on client versions of Windows
#
# If you would like to submit a bug report, please visit:
#   http://bugreport.java.com/bugreport/crash.jsp
#

---------------  T H R E A D  ---------------

Current thread (0x000000000213b000):  GCTaskThread [stack: 0x0000000003480000,0x0000000003580000] [id=5900]

siginfo: ExceptionCode=0xc0000005, reading address 0x00000000d8800000

Registers:
RAX=0x0000000000000003, RBX=0x00000000d7408090, RCX=0x00000000830af6d8, RDX=0x0000000055750938
RSP=0x000000000357f838, RBP=0x0000000007f5e600, RSI=0x0000000008270740, RDI=0x0000000081cb7758
R8 =0x000000003e6fc000, R9 =0x0000000000000000, R10=0x0000000000000000, R11=0x0000000081cb7758
R12=0x0000000059a73a28, R13=0x0000000000000005, R14=0x0000000000000001, R15=0x000000000213ba00
RIP=0x0000000062e3c0ae, EFLAGS=0x0000000000010206

Top of Stack: (sp=0x000000000357f838)
0x000000000357f838:   0000000059446753 0000000007f5e600
0x000000000357f848:   0000000007f5e600 0000000008270740
0x000000000357f858:   0000000000000005 0000000000000000
0x000000000357f868:   000000005981fa66 00000000d7408090
0x000000000357f878:   0000000000000003 0000000008270740
0x000000000357f888:   000000005950bb4a 00000000d87ec294
0x000000000357f898:   00000000598200db 0000000081c27758
0x000000000357f8a8:   0000000000000400 0000000000000000
0x000000000357f8b8:   0000000002134201 0000000059a73a28
0x000000000357f8c8:   000000005981fd00 00000000d83acb4c
0x000000000357f8d8:   0000000000000000 0000000008270740
0x000000000357f8e8:   00000000097a67c0 00000000d83acb4c
0x000000000357f8f8:   00000000598206d5 0000000000000005
0x000000000357f908:   0000000059822dd3 00000000d83acb80
0x000000000357f918:   0000000059532a93 00000000d83acb7d
0x000000000357f928:   00000000d83acb7d 000001af00000347 

Instructions: (pc=0x0000000062e3c0ae)
0x0000000062e3c08e:   c3 49 10 4c 0f c3 51 18 4c 8b 4c 0a 20 4c 8b 54
0x0000000062e3c09e:   0a 28 48 83 c1 40 4c 0f c3 49 e0 4c 0f c3 51 e8
0x0000000062e3c0ae:   4c 8b 4c 0a f0 4c 8b 54 0a f8 ff c8 4c 0f c3 49
0x0000000062e3c0be:   f0 4c 0f c3 51 f8 75 aa 49 81 e8 00 10 00 00 49 


Register to memory mapping:

RAX=0x0000000000000003 is an unknown value
RBX=0x00000000d7408090 is an oop

[error occurred during error reporting (printing register info), id 0xc0000005]

Stack: [0x0000000003480000,0x0000000003580000],  sp=0x000000000357f838,  free space=1022k
Native frames: (J=compiled Java code, j=interpreted, Vv=VM code, C=native code)
C  [msvcr100.dll+0x3c0ae]
V  [jvm.dll+0x26753]
V  [jvm.dll+0x3ffa66]
V  [jvm.dll+0x3ffd00]
V  [jvm.dll+0x4006d5]
V  [jvm.dll+0x4032a1]
V  [jvm.dll+0x3f1bce]
V  [jvm.dll+0x29c03a]
C  [msvcr100.dll+0x21d7b]
C  [msvcr100.dll+0x21e17]
C  [kernel32.dll+0x159cd]
C  [ntdll.dll+0x2a561]


---------------  P R O C E S S  ---------------

Java Threads: ( => current thread )
  0x000000000adca000 JavaThread "Log4j2-AsyncLoggerConfig-1" daemon [_thread_blocked, id=6020, stack(0x000000000d300000,0x000000000d400000)]
  0x000000000974f000 JavaThread "Service Thread" daemon [_thread_blocked, id=4996, stack(0x000000000a5d0000,0x000000000a6d0000)]
  0x0000000009702000 JavaThread "C1 CompilerThread2" daemon [_thread_blocked, id=2628, stack(0x000000000a3a0000,0x000000000a4a0000)]
  0x00000000082a7000 JavaThread "C2 CompilerThread1" daemon [_thread_blocked, id=1844, stack(0x000000000a1c0000,0x000000000a2c0000)]
  0x00000000082a5000 JavaThread "C2 CompilerThread0" daemon [_thread_blocked, id=2820, stack(0x000000000a0a0000,0x000000000a1a0000)]
  0x00000000082a1000 JavaThread "Attach Listener" daemon [_thread_blocked, id=3792, stack(0x0000000009b10000,0x0000000009c10000)]
  0x000000000829f800 JavaThread "Signal Dispatcher" daemon [_thread_blocked, id=4000, stack(0x0000000009e40000,0x0000000009f40000)]
  0x00000000096f0800 JavaThread "Finalizer" daemon [_thread_blocked, id=4036, stack(0x0000000009c10000,0x0000000009d10000)]
  0x000000000827b800 JavaThread "Reference Handler" daemon [_thread_blocked, id=5584, stack(0x00000000095b0000,0x00000000096b0000)]
  0x0000000002120000 JavaThread "main" [_thread_blocked, id=1648, stack(0x00000000021f0000,0x00000000022f0000)]

Other Threads:
  0x0000000008273000 VMThread [stack: 0x00000000093b0000,0x00000000094b0000] [id=1728]
  0x000000000977d800 WatcherThread [stack: 0x0000000009d10000,0x0000000009e10000] [id=4784]

=>0x000000000213b000 (exited) GCTaskThread [stack: 0x0000000003480000,0x0000000003580000] [id=5900]

VM state:at safepoint (normal execution)

VM Mutex/Monitor currently owned by a thread:  ([mutex/lock_event])
[0x00000000020ce810] Threads_lock - owner thread: 0x0000000008273000
[0x00000000020ced10] Heap_lock - owner thread: 0x0000000002120000

Heap:
 PSYoungGen      total 38400K, used 38395K [0x00000000d5d80000, 0x00000000d8800000, 0x0000000100000000)
  eden space 33280K, 100% used [0x00000000d5d80000,0x00000000d7e00000,0x00000000d7e00000)
  from space 5120K, 99% used [0x00000000d7e00000,0x00000000d82feca0,0x00000000d8300000)
  to   space 5120K, 99% used [0x00000000d8300000,0x00000000d87fb840,0x00000000d8800000)
 ParOldGen       total 1131008K, used 1050593K [0x0000000081800000, 0x00000000c6880000, 0x00000000d5d80000)
  object space 1131008K, 92% used [0x0000000081800000,0x00000000c19f8758,0x00000000c6880000)
 Metaspace       used 12078K, capacity 12206K, committed 12416K, reserved 1060864K
  class space    used 1515K, capacity 1562K, committed 1664K, reserved 1048576K

Card table byte_map: [0x0000000002980000,0x0000000002d80000] byte_map_base: 0x0000000002574000

Marking Bits: (ParMarkBitMap*) 0x0000000059c3a6c0
 Begin Bits: [0x0000000003580000, 0x0000000005520000)
 End Bits:   [0x0000000005520000, 0x00000000074c0000)

Polling page: 0x0000000000330000

CodeCache: size=245760Kb used=3414Kb max_used=3425Kb free=242345Kb
 bounds [0x000000000f010000, 0x000000000f370000, 0x000000001e010000]
 total_blobs=1251 nmethods=882 adapters=282
 compilation: enabled

Compilation events (10 events):
Event: 6.878 Thread 0x0000000009702000  879   !   3       sun.reflect.annotation.AnnotationParser::parseAnnotations (37 bytes)
Event: 6.879 Thread 0x0000000009702000 nmethod 879 0x000000000f365910 code [0x000000000f365ac0, 0x000000000f365e08]
Event: 7.090 Thread 0x0000000009702000  880       3       java.lang.Object::equals (11 bytes)
Event: 7.090 Thread 0x0000000009702000 nmethod 880 0x000000000f366c90 code [0x000000000f366de0, 0x000000000f366f90]
Event: 7.288 Thread 0x00000000082a7000  881 %     4       sun.nio.cs.UTF_8$Decoder::decode @ 20 (779 bytes)
Event: 7.291 Thread 0x0000000009702000  882       3       sun.security.util.SignatureFileVerifier::isBlockOrSF (40 bytes)
Event: 7.293 Thread 0x0000000009702000 nmethod 882 0x000000000f367010 code [0x000000000f3671e0, 0x000000000f367b38]
Event: 7.304 Thread 0x00000000082a7000 nmethod 881% 0x000000000f36af50 code [0x000000000f36b0a0, 0x000000000f36b4b8]
Event: 7.304 Thread 0x00000000082a7000  883       4       java.util.HashMap::get (23 bytes)
Event: 7.312 Thread 0x00000000082a7000 nmethod 883 0x000000000f36b710 code [0x000000000f36b860, 0x000000000f36bab8]

GC Heap History (3 events):
Event: 4.120 GC heap before
{Heap before GC invocations=1 (full 0):
 PSYoungGen      total 38400K, used 33280K [0x00000000d5d80000, 0x00000000d8800000, 0x0000000100000000)
  eden space 33280K, 100% used [0x00000000d5d80000,0x00000000d7e00000,0x00000000d7e00000)
  from space 5120K, 0% used [0x00000000d8300000,0x00000000d8300000,0x00000000d8800000)
  to   space 5120K, 0% used [0x00000000d7e00000,0x00000000d7e00000,0x00000000d8300000)
 ParOldGen       total 87552K, used 0K [0x0000000081800000, 0x0000000086d80000, 0x00000000d5d80000)
  object space 87552K, 0% used [0x0000000081800000,0x0000000081800000,0x0000000086d80000)
 Metaspace       used 6990K, capacity 7068K, committed 7296K, reserved 1056768K
  class space    used 854K, capacity 882K, committed 896K, reserved 1048576K
Event: 4.137 GC heap after
Heap after GC invocations=1 (full 0):
 PSYoungGen      total 38400K, used 5115K [0x00000000d5d80000, 0x00000000d8800000, 0x0000000100000000)
  eden space 33280K, 0% used [0x00000000d5d80000,0x00000000d5d80000,0x00000000d7e00000)
  from space 5120K, 99% used [0x00000000d7e00000,0x00000000d82feca0,0x00000000d8300000)
  to   space 5120K, 0% used [0x00000000d8300000,0x00000000d8300000,0x00000000d8800000)
 ParOldGen       total 87552K, used 548K [0x0000000081800000, 0x0000000086d80000, 0x00000000d5d80000)
  object space 87552K, 0% used [0x0000000081800000,0x0000000081889068,0x0000000086d80000)
 Metaspace       used 6990K, capacity 7068K, committed 7296K, reserved 1056768K
  class space    used 854K, capacity 882K, committed 896K, reserved 1048576K
}
Event: 7.332 GC heap before
{Heap before GC invocations=2 (full 0):
 PSYoungGen      total 38400K, used 38395K [0x00000000d5d80000, 0x00000000d8800000, 0x0000000100000000)
  eden space 33280K, 100% used [0x00000000d5d80000,0x00000000d7e00000,0x00000000d7e00000)
  from space 5120K, 99% used [0x00000000d7e00000,0x00000000d82feca0,0x00000000d8300000)
  to   space 5120K, 0% used [0x00000000d8300000,0x00000000d8300000,0x00000000d8800000)
 ParOldGen       total 87552K, used 548K [0x0000000081800000, 0x0000000086d80000, 0x00000000d5d80000)
  object space 87552K, 0% used [0x0000000081800000,0x0000000081889068,0x0000000086d80000)
 Metaspace       used 12078K, capacity 12206K, committed 12416K, reserved 1060864K
  class space    used 1515K, capacity 1562K, committed 1664K, reserved 1048576K

Deoptimization events (10 events):
Event: 0.927 Thread 0x0000000002120000 Uncommon trap: reason=unstable_if action=reinterpret pc=0x000000000f1ba9c4 method=java.io.WinNTFileSystem.normalize(Ljava/lang/String;II)Ljava/lang/String; @ 90
Event: 1.074 Thread 0x0000000002120000 Uncommon trap: reason=unstable_if action=reinterpret pc=0x000000000f1594f0 method=java.lang.String.indexOf([CII[CIII)I @ 3
Event: 3.362 Thread 0x0000000002120000 Uncommon trap: reason=unstable_if action=reinterpret pc=0x000000000f2534c4 method=java.util.HashMap.getNode(ILjava/lang/Object;)Ljava/util/HashMap$Node; @ 62
Event: 4.116 Thread 0x0000000002120000 Uncommon trap: reason=unstable_if action=reinterpret pc=0x000000000f20705c method=java.io.WinNTFileSystem.normalize(Ljava/lang/String;)Ljava/lang/String; @ 128
Event: 5.562 Thread 0x0000000002120000 Uncommon trap: reason=unstable_if action=reinterpret pc=0x000000000f2ddf14 method=sun.misc.MetaIndex.mayContain(Ljava/lang/String;)Z @ 38
Event: 5.565 Thread 0x0000000002120000 Uncommon trap: reason=unstable_if action=reinterpret pc=0x000000000f2787a0 method=sun.misc.MetaIndex.mayContain(Ljava/lang/String;)Z @ 38
Event: 6.230 Thread 0x0000000002120000 Uncommon trap: reason=unstable_if action=reinterpret pc=0x000000000f28ca44 method=java.util.HashMap.getNode(ILjava/lang/Object;)Ljava/util/HashMap$Node; @ 129
Event: 6.230 Thread 0x0000000002120000 Uncommon trap: reason=class_check action=maybe_recompile pc=0x000000000f2ed668 method=java.util.HashMap.putVal(ILjava/lang/Object;Ljava/lang/Object;ZZ)Ljava/lang/Object; @ 203
Event: 6.235 Thread 0x0000000002120000 Uncommon trap: reason=range_check action=make_not_entrant pc=0x000000000f289ba0 method=sun.reflect.generics.parser.SignatureParser.current()C @ 34
Event: 6.608 Thread 0x0000000002120000 Uncommon trap: reason=unstable_if action=reinterpret pc=0x000000000f32a758 method=com.lmax.disruptor.RingBufferFields.fill(Lcom/lmax/disruptor/EventFactory;)V @ 7

Internal exceptions (10 events):
Event: 0.916 Thread 0x0000000002120000 Exception <a 'java/security/PrivilegedActionException'> (0x00000000d6aa1b98) thrown at [C:\re\workspace\8-2-build-windows-amd64-cygwin\jdk8u102\7268\hotspot\src\share\vm\prims\jvm.cpp, line 1386]
Event: 0.916 Thread 0x0000000002120000 Exception <a 'java/security/PrivilegedActionException'> (0x00000000d6aa3098) thrown at [C:\re\workspace\8-2-build-windows-amd64-cygwin\jdk8u102\7268\hotspot\src\share\vm\prims\jvm.cpp, line 1386]
Event: 0.916 Thread 0x0000000002120000 Exception <a 'java/security/PrivilegedActionException'> (0x00000000d6aa32a8) thrown at [C:\re\workspace\8-2-build-windows-amd64-cygwin\jdk8u102\7268\hotspot\src\share\vm\prims\jvm.cpp, line 1386]
Event: 0.917 Thread 0x0000000002120000 Exception <a 'java/security/PrivilegedActionException'> (0x00000000d6aa4678) thrown at [C:\re\workspace\8-2-build-windows-amd64-cygwin\jdk8u102\7268\hotspot\src\share\vm\prims\jvm.cpp, line 1386]
Event: 0.917 Thread 0x0000000002120000 Exception <a 'java/security/PrivilegedActionException'> (0x00000000d6aa4888) thrown at [C:\re\workspace\8-2-build-windows-amd64-cygwin\jdk8u102\7268\hotspot\src\share\vm\prims\jvm.cpp, line 1386]
Event: 4.795 Thread 0x0000000002120000 Exception <a 'java/lang/reflect/InvocationTargetException'> (0x00000000d5ef6680) thrown at [C:\re\workspace\8-2-build-windows-amd64-cygwin\jdk8u102\7268\hotspot\src\share\vm\runtime\reflection.cpp, line 1092]
Event: 6.235 Thread 0x0000000002120000 Exception <a 'java/lang/ArrayIndexOutOfBoundsException': 18> (0x00000000d6b26918) thrown at [C:\re\workspace\8-2-build-windows-amd64-cygwin\jdk8u102\7268\hotspot\src\share\vm\interpreter\interpreterRuntime.cpp, line 366]
Event: 6.236 Thread 0x0000000002120000 Exception <a 'java/lang/ArrayIndexOutOfBoundsException': 110> (0x00000000d6b27e70) thrown at [C:\re\workspace\8-2-build-windows-amd64-cygwin\jdk8u102\7268\hotspot\src\share\vm\interpreter\interpreterRuntime.cpp, line 366]
Event: 6.362 Thread 0x0000000002120000 Exception <a 'java/lang/reflect/InvocationTargetException'> (0x00000000d6d3a218) thrown at [C:\re\workspace\8-2-build-windows-amd64-cygwin\jdk8u102\7268\hotspot\src\share\vm\runtime\reflection.cpp, line 1092]
Event: 6.394 Thread 0x0000000002120000 Exception <a 'java/lang/reflect/InvocationTargetException'> (0x00000000d6d96bd8) thrown at [C:\re\workspace\8-2-build-windows-amd64-cygwin\jdk8u102\7268\hotspot\src\share\vm\runtime\reflection.cpp, line 1092]

Events (10 events):
Event: 7.329 loading class org/mule/module/launcher/application/DefaultApplicationFactory done
Event: 7.330 loading class org/mule/module/launcher/application/ApplicationFactory
Event: 7.330 loading class org/mule/module/launcher/application/ApplicationFactory done
Event: 7.331 loading class org/mule/module/launcher/AppBloodhound
Event: 7.331 loading class org/mule/module/launcher/AppBloodhound done
Event: 7.332 loading class org/mule/module/launcher/application/Application
Event: 7.332 loading class org/mule/module/launcher/application/Application done
Event: 7.332 loading class org/mule/module/launcher/DefaultArtifactDeployer
Event: 7.332 loading class org/mule/module/launcher/DefaultArtifactDeployer done
Event: 7.332 Executing VM operation: ParallelGCFailedAllocation


Dynamic libraries:
0x000000013fab0000 - 0x000000013fae7000 	C:\Program Files\Java\jdk1.8.0_102\bin\javaw.exe
0x0000000077450000 - 0x00000000775fa000 	C:\Windows\SYSTEM32\ntdll.dll
0x0000000077330000 - 0x000000007744f000 	C:\Windows\system32\kernel32.dll
0x000007fefd480000 - 0x000007fefd4ea000 	C:\Windows\system32\KERNELBASE.dll
0x000007fefdd80000 - 0x000007fefde5b000 	C:\Windows\system32\ADVAPI32.dll
0x000007feff3b0000 - 0x000007feff44f000 	C:\Windows\system32\msvcrt.dll
0x000007feff740000 - 0x000007feff75f000 	C:\Windows\SYSTEM32\sechost.dll
0x000007fefd970000 - 0x000007fefda9d000 	C:\Windows\system32\RPCRT4.dll
0x0000000077230000 - 0x000000007732a000 	C:\Windows\system32\USER32.dll
0x000007fefd550000 - 0x000007fefd5b7000 	C:\Windows\system32\GDI32.dll
0x000007fefdaa0000 - 0x000007fefdaae000 	C:\Windows\system32\LPK.dll
0x000007fefdec0000 - 0x000007fefdf8b000 	C:\Windows\system32\USP10.dll
0x000007fefc160000 - 0x000007fefc354000 	C:\Windows\WinSxS\amd64_microsoft.windows.common-controls_6595b64144ccf1df_6.0.7601.23403_none_e36ad4593102f066\COMCTL32.dll
0x000007fefd8f0000 - 0x000007fefd961000 	C:\Windows\system32\SHLWAPI.dll
0x000007fefe5f0000 - 0x000007fefe61e000 	C:\Windows\system32\IMM32.DLL
0x000007feff450000 - 0x000007feff559000 	C:\Windows\system32\MSCTF.dll
0x000007fefd070000 - 0x000007fefd0a1000 	C:\Windows\system32\nvinitx.dll
0x000000000f000000 - 0x000000000f006000 	C:\Program Files\NVIDIA Corporation\CoProcManager\_etoured.dll
0x000007fef94d0000 - 0x000007fef952f000 	C:\Program Files\NVIDIA Corporation\CoProcManager\nvd3d9wrapx.dll
0x000007feff560000 - 0x000007feff737000 	C:\Windows\system32\SETUPAPI.dll
0x000007fefd430000 - 0x000007fefd466000 	C:\Windows\system32\CFGMGR32.dll
0x000007fefe250000 - 0x000007fefe32a000 	C:\Windows\system32\OLEAUT32.dll
0x000007fefe3f0000 - 0x000007fefe5ec000 	C:\Windows\system32\ole32.dll
0x000007fefd340000 - 0x000007fefd35a000 	C:\Windows\system32\DEVOBJ.dll
0x000007fef9480000 - 0x000007fef94c6000 	C:\Program Files\NVIDIA Corporation\CoProcManager\nvdxgiwrapx.dll
0x0000000062e00000 - 0x0000000062ed1000 	C:\Program Files\Java\jdk1.8.0_102\jre\bin\msvcr100.dll
0x0000000059420000 - 0x0000000059cba000 	C:\Program Files\Java\jdk1.8.0_102\jre\bin\server\jvm.dll
0x000007fee8aa0000 - 0x000007fee8aa9000 	C:\Windows\system32\WSOCK32.dll
0x000007fefd500000 - 0x000007fefd54d000 	C:\Windows\system32\WS2_32.dll
0x000007fefe010000 - 0x000007fefe018000 	C:\Windows\system32\NSI.dll
0x000007fef9950000 - 0x000007fef998b000 	C:\Windows\system32\WINMM.dll
0x000007fefbe80000 - 0x000007fefbe8c000 	C:\Windows\system32\VERSION.dll
0x0000000077610000 - 0x0000000077617000 	C:\Windows\system32\PSAPI.DLL
0x0000000062fb0000 - 0x0000000062fbf000 	C:\Program Files\Java\jdk1.8.0_102\jre\bin\verify.dll
0x0000000062f80000 - 0x0000000062fa9000 	C:\Program Files\Java\jdk1.8.0_102\jre\bin\java.dll
0x0000000062f60000 - 0x0000000062f76000 	C:\Program Files\Java\jdk1.8.0_102\jre\bin\zip.dll
0x000007fefe620000 - 0x000007feff3ab000 	C:\Windows\system32\SHELL32.dll
0x000007fefd150000 - 0x000007fefd15f000 	C:\Windows\system32\profapi.dll
0x0000000062f50000 - 0x0000000062f5d000 	C:\Program Files\Java\jdk1.8.0_102\jre\bin\management.dll
0x000007fefc930000 - 0x000007fefc948000 	C:\Windows\system32\CRYPTSP.dll
0x000007fefc630000 - 0x000007fefc677000 	C:\Windows\system32\rsaenh.dll
0x000007fefd160000 - 0x000007fefd17f000 	C:\Windows\system32\USERENV.dll
0x000007fefcfa0000 - 0x000007fefcfaf000 	C:\Windows\system32\CRYPTBASE.dll
0x0000000062f30000 - 0x0000000062f4a000 	C:\Program Files\Java\jdk1.8.0_102\jre\bin\net.dll
0x000007fefc8d0000 - 0x000007fefc925000 	C:\Windows\system32\mswsock.dll
0x000007fefc8c0000 - 0x000007fefc8c7000 	C:\Windows\System32\wship6.dll
0x000007fef9440000 - 0x000007fef9467000 	C:\Windows\system32\IPHLPAPI.DLL
0x000007fef9430000 - 0x000007fef943b000 	C:\Windows\system32\WINNSI.DLL
0x000007fef9230000 - 0x000007fef9248000 	C:\Windows\system32\dhcpcsvc.DLL
0x000007fef9210000 - 0x000007fef9221000 	C:\Windows\system32\dhcpcsvc6.DLL
0x0000000062f10000 - 0x0000000062f21000 	C:\Program Files\Java\jdk1.8.0_102\jre\bin\nio.dll
0x000007feea3c0000 - 0x000007feea3ca000 	C:\Users\Neelesh.Panigrahi\AppData\Local\Temp\jansi-64-7241510277535398897.dll
0x000007fefaa20000 - 0x000007fefaa35000 	C:\Windows\system32\NLAapi.dll
0x000007feedc70000 - 0x000007feedc85000 	C:\Windows\system32\napinsp.dll
0x000007feedc50000 - 0x000007feedc69000 	C:\Windows\system32\pnrpnsp.dll
0x000007fefc750000 - 0x000007fefc7ab000 	C:\Windows\system32\DNSAPI.dll
0x000007feee7a0000 - 0x000007feee7ab000 	C:\Windows\System32\winrnr.dll
0x000007feedc40000 - 0x000007feedc50000 	C:\Windows\system32\wshbth.dll
0x000007fef92f0000 - 0x000007fef9343000 	C:\Windows\System32\fwpuclnt.dll
0x000007fef4b50000 - 0x000007fef4b58000 	C:\Windows\system32\rasadhlp.dll
0x000007feedd20000 - 0x000007feede45000 	C:\Windows\system32\dbghelp.dll

VM Arguments:
jvm_args: -XX:PermSize=128M -XX:MaxPermSize=256M -Dmule.home=D:\Redingtonproject1\.mule -Djava.endorsed.dirs=D:\AnypointStudio\plugins\org.mule.tooling.server.3.8.4.ee_6.2.5.201705021936\mule\lib\endorsed -Djava.net.preferIPv4Stack=TRUE -Dmvel2.disable.jit=TRUE -Dosgi.dev=true -Dmule.verbose.exceptions=true -Dmule.plugins.dir=D:\AnypointStudio\plugins\org.mule.tooling.server.3.8.4.ee_6.2.5.201705021936\mule\plugins -Dmule.agent.enabled=false -Dmule.forceConsoleLog -Dlog4j.debug=true -Danypoint.platform.gatekeeper=false -Dosgi.instance.area=file:\D:\Redingtonproject1 -Dfile.encoding=Cp1252 
java_command: org.mule.tooling.server.application.ApplicationDeployer
java_class_path (initial): D:\AnypointStudio\plugins\org.mule.tooling.server.3.8.4.ee_6.2.5.201705021936\mule\tooling\tooling-support-3.8.4.jar;D:\AnypointStudio\plugins\org.mule.tooling.server.3.8.4.ee_6.2.5.201705021936\mule\lib\boot\commons-cli-1.2.jar;D:\AnypointStudio\plugins\org.mule.tooling.server.3.8.4.ee_6.2.5.201705021936\mule\lib\boot\commons-codec-1.9.jar;D:\AnypointStudio\plugins\org.mule.tooling.server.3.8.4.ee_6.2.5.201705021936\mule\lib\boot\disruptor-3.3.0.jar;D:\AnypointStudio\plugins\org.mule.tooling.server.3.8.4.ee_6.2.5.201705021936\mule\lib\boot\jcl-over-slf4j-1.7.7.jar;D:\AnypointStudio\plugins\org.mule.tooling.server.3.8.4.ee_6.2.5.201705021936\mule\lib\boot\license-utils-gw-3.8.4.jar;D:\AnypointStudio\plugins\org.mule.tooling.server.3.8.4.ee_6.2.5.201705021936\mule\lib\boot\licm-studio-1.1.4.jar;D:\AnypointStudio\plugins\org.mule.tooling.server.3.8.4.ee_6.2.5.201705021936\mule\lib\boot\log4j-1.2-api-2.5.jar;D:\AnypointStudio\plugins\org.mule.tooling.server.3.8.4.ee_6.2.5.201705021936\mule\lib\boot\log4j-api-2.5.jar;D:\AnypointStudio\plugins\org.mule.tooling.server.3.8.4.ee_6.2.5.201705021936\mule\lib\boot\log4j-core-2.5.jar;D:\AnypointStudio\plugins\org.mule.tooling.server.3.8.4.ee_6.2.5.201705021936\mule\lib\boot\log4j-jcl-2.5.jar;D:\AnypointStudio\plugins\org.mule.tooling.server.3.8.4.ee_6.2.5.201705021936\mule\lib\boot\log4j-jul-2.5.jar;D:\AnypointStudio\plugins\org.mule.tooling.server.3.8.4.ee_6.2.5.201705021936\mule\lib\boot\log4j-slf4j-impl-2.5.jar;D:\AnypointStudio\plugins\org.mule.tooling.server.3.8.4.ee_6.2.5.201705021936\mule\lib\boot\mule-module-boot-ee-3.8.4.jar;D:\AnypointStudio\plugins\org.mule.tooling.server.3.8.4.ee_6.2.5.201705021936\mule\lib\boot\mule-module-weblogic-loader-ee-3.8.4.jar;D:\AnypointStudio\plugins\org.mule.tooling.server.3.8.4.ee_6.2.5.201705021936\mule\lib\boot\oscore-2.2.4.jar;D:\AnypointStudio\plugins\org.mule.tooling.server.3.8.4.ee_6.2.5.201705021936\mule\lib\boot\propertyset-1.3.jar;D:\AnypointStudio\
Launcher Type: SUN_STANDARD

Environment Variables:
JAVA_HOME=C:\Program Files\Java\jdk1.8.0_102
PATH=C:/Program Files/Java/jre1.8.0_102/bin/server;C:/Program Files/Java/jre1.8.0_102/bin;C:/Program Files/Java/jre1.8.0_102/lib/amd64;C:\Program Files\Dell\DW WLAN Card;;C:\Program Files (x86)\RSA SecurID Token Common;C:\Program Files (x86)\Intel\iCLS Client\;C:\Program Files\Intel\iCLS Client\;C:\ProgramData\Oracle\Java\javapath;C:\Windows\system32;C:\Windows;C:\Windows\System32\Wbem;C:\Windows\System32\WindowsPowerShell\v1.0\;C:\Program Files\Intel\Intel(R) Management Engine Components\DAL;C:\Program Files\Intel\Intel(R) Management Engine Components\IPT;C:\Program Files (x86)\Intel\Intel(R) Management Engine Components\DAL;C:\Program Files (x86)\Intel\Intel(R) Management Engine Components\IPT;C:\Program Files\MySQL\MySQL Utilities 1.6\;C:\Program Files\WIDCOMM\Bluetooth Software\;C:\Program Files\WIDCOMM\Bluetooth Software\syswow64;C:\Program Files\Java\jdk1.8.0_102\bin;C:\apache-maven-3.2.5\bin;C:\Program Files\Dell\DW WLAN Card;C:\Program Files (x86)\RSA SecurID Token Common;C:\Program Files (x86)\Intel\iCLS Client\;C:\Program Files\Intel\iCLS Client\;C:\ProgramData\Oracle\Java\javapath;C:\Windows\system32;C:\Windows;C:\Windows\System32\Wbem;C:\Windows\System32\WindowsPowerShell\v1.0\;C:\Program Files\Intel\Intel(R) Management Engine Components\DAL;C:\Program Files\Intel\Intel(R) Management Engine Components\IPT;C:\Program Files (x86)\Intel\Intel(R) Management Engine Components\DAL;C:\Program Files (x86)\Intel\Intel(R) Management Engine Components\IPT;C:\Program Files\MySQL\MySQL Utilities 1.6\;C:\Program Files\WIDCOMM\Bluetooth Software\;C:\Program Files\WIDCOMM\Bluetooth Software\syswow64;C:\Program Files\Java\jdk1.8.0_102\bin;C:\apache-maven-3.2.5\bin;C:\Users\Neelesh.Panigrahi\AppData\Local\Programs\Git\cmd;D:\AnypointStudio;
USERNAME=Neelesh.Panigrahi
OS=Windows_NT
PROCESSOR_IDENTIFIER=Intel64 Family 6 Model 69 Stepping 1, GenuineIntel



---------------  S Y S T E M  ---------------

OS: Windows 7 , 64 bit Build 7601 (6.1.7601.23807)

CPU:total 4 (2 cores per cpu, 2 threads per core) family 6 model 69 stepping 1, cmov, cx8, fxsr, mmx, sse, sse2, sse3, ssse3, sse4.1, sse4.2, popcnt, avx, avx2, aes, clmul, erms, lzcnt, ht, tsc, tscinvbit, bmi1, bmi2

Memory: 4k page, physical 8290124k(3310300k free), swap 16578388k(9994028k free)

vm_info: Java HotSpot(TM) 64-Bit Server VM (25.102-b14) for windows-amd64 JRE (1.8.0_102-b14), built on Jun 22 2016 13:15:21 by "java_re" with MS VC++ 10.0 (VS2010)

time: Mon Jul 17 15:21:22 2017
elapsed time: 8 seconds (0d 0h 0m 8s)

